\BOOKMARK [1][-]{section.1}{Introducci\363n}{}% 1
\BOOKMARK [2][-]{subsection.1.1}{Descripci\363n del tema y T\351cnicas de Recomendaci\363n}{section.1}% 2
\BOOKMARK [2][-]{subsection.1.2}{Enfoques de Filtrado Colaborativo Basado en Modelos}{section.1}% 3
\BOOKMARK [2][-]{subsection.1.3}{Antecedentes y Justificaci\363n}{section.1}% 4
\BOOKMARK [2][-]{subsection.1.4}{Dataset Seleccionado}{section.1}% 5
\BOOKMARK [2][-]{subsection.1.5}{Estructura del Trabajo}{section.1}% 6
\BOOKMARK [1][-]{section.2}{Estado del Arte}{}% 7
\BOOKMARK [2][-]{subsection.2.1}{T\351cnicas de Recomendaci\363n}{section.2}% 8
\BOOKMARK [2][-]{subsection.2.2}{Filtrado Colaborativo Basado en Modelos}{section.2}% 9
\BOOKMARK [2][-]{subsection.2.3}{Desarrollo en las Tesis y Papers}{section.2}% 10
\BOOKMARK [1][-]{section.3}{Algoritmo NBCF}{}% 11
\BOOKMARK [2][-]{subsection.3.1}{Introducci\363n al Algoritmo NBCF}{section.3}% 12
\BOOKMARK [2][-]{subsection.3.2}{Formulaci\363n Matem\341tica del Algoritmo NBCF}{section.3}% 13
\BOOKMARK [2][-]{subsection.3.3}{Algoritmo NBCF: Implementaci\363n Paso a Paso}{section.3}% 14
\BOOKMARK [2][-]{subsection.3.4}{Resultados Experimentales y Comparativa}{section.3}% 15
\BOOKMARK [2][-]{subsection.3.5}{Conclusi\363n}{section.3}% 16
\BOOKMARK [1][-]{section.4}{Expansi\363n del Algoritmo NBCF}{}% 17
\BOOKMARK [2][-]{subsection.4.1}{Algoritmo NBP. Formulaci\363n Matem\341tica}{section.4}% 18
\BOOKMARK [2][-]{subsection.4.2}{Ventajas y Desventajas de NBP}{section.4}% 19
\BOOKMARK [2][-]{subsection.4.3}{Aplicaci\363n del Algoritmo NBP en la Expansi\363n de NBCF}{section.4}% 20
\BOOKMARK [1][-]{section.5}{Evaluaci\363n de los resultados}{}% 21
\BOOKMARK [2][-]{subsection.5.1}{Descripci\363n del dataset FilmTrust}{section.5}% 22
\BOOKMARK [2][-]{subsection.5.2}{Dise\361o del test}{section.5}% 23
\BOOKMARK [3][-]{subsubsection.5.2.1}{Confecci\363n de los grupos de usuarios}{subsection.5.2}% 24
\BOOKMARK [3][-]{subsubsection.5.2.2}{Procedimiento}{subsection.5.2}% 25
\BOOKMARK [3][-]{subsubsection.5.2.3}{Resultados}{subsection.5.2}% 26
\BOOKMARK [3][-]{subsubsection.5.2.4}{Limitaciones}{subsection.5.2}% 27
\BOOKMARK [1][-]{section.6}{Conclusiones}{}% 28
